<?xml version="1.0" encoding="UTF-8"?>
<testng-results ignored="0" total="0" passed="0" failed="0" skipped="0">
  <reporter-output>
  </reporter-output>
  <suite started-at="2023-05-11T16:29:25 IST" name="Brickworks Skyfall" finished-at="2023-05-11T16:29:25 IST" duration-ms="15">
    <groups>
    </groups>
    <test started-at="2023-05-11T16:29:25 IST" name="Happy Flow" finished-at="2023-05-11T16:29:25 IST" duration-ms="15">
    </test> <!-- Happy Flow -->
  </suite> <!-- Brickworks Skyfall -->
</testng-results>
